<?xml version="1.0" encoding="UTF-8"?>
<testsuite name="com.userRegister.UserRegisterTest" tests="2" skipped="0" failures="0" errors="0" timestamp="2020-04-28T13:14:20" hostname="KYOOLBABA" time="0.006">
  <properties/>
  <testcase name="firstNameTesting" classname="com.userRegister.UserRegisterTest" time="0.003"/>
  <testcase name="lastNameTesting" classname="com.userRegister.UserRegisterTest" time="0.001"/>
  <system-out><![CDATA[]]></system-out>
  <system-err><![CDATA[]]></system-err>
</testsuite>
