<?xml version="1.0" encoding="UTF-8"?>
<testsuite name="com.userRegister.UserRegisterTest" tests="1" skipped="0" failures="0" errors="0" timestamp="2020-04-28T18:58:06" hostname="KYOOLBABA" time="0.002">
  <properties/>
  <testcase name="validatePassword" classname="com.userRegister.UserRegisterTest" time="0.002"/>
  <system-out><![CDATA[]]></system-out>
  <system-err><![CDATA[]]></system-err>
</testsuite>
