<?xml version="1.0" encoding="UTF-8"?>
<testsuite name="com.userRegister.UserRegisterTest" tests="1" skipped="0" failures="0" errors="0" timestamp="2020-04-28T13:01:56" hostname="KYOOLBABA" time="0.006">
  <properties/>
  <testcase name="firstNameTesting" classname="com.userRegister.UserRegisterTest" time="0.006"/>
  <system-out><![CDATA[true
]]></system-out>
  <system-err><![CDATA[]]></system-err>
</testsuite>
